2025-10-16 16:26:47,502 - INFO - ================================================================================
2025-10-16 16:26:47,502 - INFO - EXPENSE FLAGGING SESSION STARTED
2025-10-16 16:26:47,502 - INFO - ================================================================================
2025-10-16 16:26:47,502 - INFO - Input file: generated-files/merged/2022_all-transactions_merged_2025-10-15.csv
2025-10-16 16:26:47,503 - INFO - Output file: generated-files/expenses/flagged_expenses_2022_whitelist.csv
2025-10-16 16:26:47,503 - INFO - Patterns file: /home/kurt/Projects/taxes/generated-files/expenses/expense_patterns_whitelist.json
2025-10-16 16:26:47,503 - INFO - Log file: generated-files/expenses/flagged_expenses_2022_whitelist.log
2025-10-16 16:26:47,503 - INFO - 
2025-10-16 16:26:47,503 - INFO - Loaded 9 expense categories from patterns file
2025-10-16 16:26:47,503 - INFO - 
2025-10-16 16:26:47,503 - INFO - Processing transactions...
2025-10-16 16:26:47,503 - INFO - 
2025-10-16 16:26:47,503 - INFO - FLAGGED: 2022-01-03 | $     -9.03 | Domain & DNS Services
2025-10-16 16:26:47,503 - INFO -          Description: Pwp Dnh*Godaddy Privacycom TN: 2863985 (844) 771-8229
2025-10-16 16:26:47,503 - INFO -          Matched keyword: 'godaddy' (confidence: high)
2025-10-16 16:26:47,503 - INFO -          Deductibility: yes
2025-10-16 16:26:47,503 - INFO - 
2025-10-16 16:26:47,503 - INFO - FLAGGED: 2022-01-03 | $    -19.18 | Cloud Infrastructure
2025-10-16 16:26:47,503 - INFO -          Description: Pwp Amazon web services
2025-10-16 16:26:47,503 - INFO -          Matched keyword: 'amazon web services' (confidence: high)
2025-10-16 16:26:47,503 - INFO -          Deductibility: yes
2025-10-16 16:26:47,503 - INFO - 
2025-10-16 16:26:47,503 - INFO - FLAGGED: 2022-01-07 | $    -24.99 | Domain & DNS Services
2025-10-16 16:26:47,503 - INFO -          Description: Pwp DNH*GODADDY.COM
2025-10-16 16:26:47,503 - INFO -          Matched keyword: 'godaddy' (confidence: high)
2025-10-16 16:26:47,503 - INFO -          Deductibility: yes
2025-10-16 16:26:47,503 - INFO - 
2025-10-16 16:26:47,504 - INFO - FLAGGED: 2022-01-10 | $    -24.99 | Domain & DNS Services
2025-10-16 16:26:47,504 - INFO -          Description: Pwp Dnh*Godaddy Privacycom TN: 6964190 (844) 771-8229
2025-10-16 16:26:47,504 - INFO -          Matched keyword: 'godaddy' (confidence: high)
2025-10-16 16:26:47,504 - INFO -          Deductibility: yes
2025-10-16 16:26:47,504 - INFO - 
2025-10-16 16:26:47,504 - INFO - FLAGGED: 2022-01-11 | $   -514.00 | Cloud Infrastructure
2025-10-16 16:26:47,504 - INFO -          Description: Pwp HEROKU DEC-60135249
2025-10-16 16:26:47,504 - INFO -          Matched keyword: 'heroku' (confidence: high)
2025-10-16 16:26:47,504 - INFO -          Deductibility: yes
2025-10-16 16:26:47,504 - INFO - 
2025-10-16 16:26:47,504 - INFO - FLAGGED: 2022-01-12 | $   -514.00 | Cloud Infrastructure
2025-10-16 16:26:47,504 - INFO -          Description: Pwp Heroku Dec- Privacycom TN: 5656574 (844) 771-8229
2025-10-16 16:26:47,504 - INFO -          Matched keyword: 'heroku' (confidence: high)
2025-10-16 16:26:47,504 - INFO -          Deductibility: yes
2025-10-16 16:26:47,504 - INFO - 
2025-10-16 16:26:47,504 - INFO - FLAGGED: 2022-01-12 | $   -348.54 | Cloud Infrastructure
2025-10-16 16:26:47,504 - INFO -          Description: Pwp HEROKU DEC-59293411
2025-10-16 16:26:47,504 - INFO -          Matched keyword: 'heroku' (confidence: high)
2025-10-16 16:26:47,504 - INFO -          Deductibility: yes
2025-10-16 16:26:47,504 - INFO - 
2025-10-16 16:26:47,504 - INFO - FLAGGED: 2022-01-12 | $   -348.53 | Cloud Infrastructure
2025-10-16 16:26:47,504 - INFO -          Description: Pwp HEROKU NOV-57636800
2025-10-16 16:26:47,504 - INFO -          Matched keyword: 'heroku' (confidence: high)
2025-10-16 16:26:47,504 - INFO -          Deductibility: yes
2025-10-16 16:26:47,504 - INFO - 
2025-10-16 16:26:47,504 - INFO - FLAGGED: 2022-01-13 | $   -348.53 | Cloud Infrastructure
2025-10-16 16:26:47,504 - INFO -          Description: Pwp Heroku Nov- Privacycom TN: 4215265 (844) 771-8229
2025-10-16 16:26:47,504 - INFO -          Matched keyword: 'heroku' (confidence: high)
2025-10-16 16:26:47,504 - INFO -          Deductibility: yes
2025-10-16 16:26:47,504 - INFO - 
2025-10-16 16:26:47,504 - INFO - FLAGGED: 2022-01-13 | $   -348.54 | Cloud Infrastructure
2025-10-16 16:26:47,504 - INFO -          Description: Pwp Heroku Dec- Privacycom TN: 5020017 (844) 771-8229
2025-10-16 16:26:47,504 - INFO -          Matched keyword: 'heroku' (confidence: high)
2025-10-16 16:26:47,504 - INFO -          Deductibility: yes
2025-10-16 16:26:47,504 - INFO - 
2025-10-16 16:26:47,504 - INFO - FLAGGED: 2022-01-15 | $     -9.03 | Domain & DNS Services
2025-10-16 16:26:47,504 - INFO -          Description: Pwp DNH*GODADDY.COM
2025-10-16 16:26:47,504 - INFO -          Matched keyword: 'godaddy' (confidence: high)
2025-10-16 16:26:47,504 - INFO -          Deductibility: yes
2025-10-16 16:26:47,504 - INFO - 
2025-10-16 16:26:47,504 - INFO - FLAGGED: 2022-01-18 | $     -9.03 | Domain & DNS Services
2025-10-16 16:26:47,504 - INFO -          Description: Pwp Dnh*Godaddy Privacycom TN: 9548168 (844) 771-8229
2025-10-16 16:26:47,504 - INFO -          Matched keyword: 'godaddy' (confidence: high)
2025-10-16 16:26:47,505 - INFO -          Deductibility: yes
2025-10-16 16:26:47,505 - INFO - 
2025-10-16 16:26:47,505 - INFO - FLAGGED: 2022-01-20 | $    -18.06 | Domain & DNS Services
2025-10-16 16:26:47,505 - INFO -          Description: Pwp DNH*GODADDY.COM
2025-10-16 16:26:47,505 - INFO -          Matched keyword: 'godaddy' (confidence: high)
2025-10-16 16:26:47,505 - INFO -          Deductibility: yes
2025-10-16 16:26:47,505 - INFO - 
2025-10-16 16:26:47,505 - INFO - FLAGGED: 2022-01-21 | $    -24.99 | Domain & DNS Services
2025-10-16 16:26:47,505 - INFO -          Description: Pwp DNH*GODADDY.COM
2025-10-16 16:26:47,505 - INFO -          Matched keyword: 'godaddy' (confidence: high)
2025-10-16 16:26:47,505 - INFO -          Deductibility: yes
2025-10-16 16:26:47,505 - INFO - 
2025-10-16 16:26:47,505 - INFO - FLAGGED: 2022-01-24 | $    -18.06 | Domain & DNS Services
2025-10-16 16:26:47,505 - INFO -          Description: Pwp Dnh*Godaddy Privacycom TN: 6165485 (844) 771-8229
2025-10-16 16:26:47,505 - INFO -          Matched keyword: 'godaddy' (confidence: high)
2025-10-16 16:26:47,505 - INFO -          Deductibility: yes
2025-10-16 16:26:47,505 - INFO - 
2025-10-16 16:26:47,505 - INFO - FLAGGED: 2022-01-24 | $    -24.99 | Domain & DNS Services
2025-10-16 16:26:47,505 - INFO -          Description: Pwp Dnh*Godaddy Privacycom TN: 6999416 (844) 771-8229
2025-10-16 16:26:47,505 - INFO -          Matched keyword: 'godaddy' (confidence: high)
2025-10-16 16:26:47,505 - INFO -          Deductibility: yes
2025-10-16 16:26:47,505 - INFO - 
2025-10-16 16:26:47,505 - INFO - FLAGGED: 2022-01-28 | $    -36.00 | Software & Development Tools
2025-10-16 16:26:47,505 - INFO -          Description: Pwp GITHUB
2025-10-16 16:26:47,505 - INFO -          Matched keyword: 'github' (confidence: high)
2025-10-16 16:26:47,505 - INFO -          Deductibility: yes
2025-10-16 16:26:47,505 - INFO - 
2025-10-16 16:26:47,506 - INFO - FLAGGED: 2022-01-31 | $    -36.00 | Software & Development Tools
2025-10-16 16:26:47,506 - INFO -          Description: Pwp Github Privacycom TN: 6991907 (844) 771-8229
2025-10-16 16:26:47,506 - INFO -          Matched keyword: 'github' (confidence: high)
2025-10-16 16:26:47,506 - INFO -          Deductibility: yes
2025-10-16 16:26:47,506 - INFO - 
2025-10-16 16:26:47,506 - INFO - FLAGGED: 2022-02-03 | $    -19.18 | Cloud Infrastructure
2025-10-16 16:26:47,506 - INFO -          Description: Pwp Amazon web services
2025-10-16 16:26:47,506 - INFO -          Matched keyword: 'amazon web services' (confidence: high)
2025-10-16 16:26:47,506 - INFO -          Deductibility: yes
2025-10-16 16:26:47,506 - INFO - 
2025-10-16 16:26:47,508 - INFO - FLAGGED: 2022-03-09 | $     -2.75 | Cloud Infrastructure
2025-10-16 16:26:47,508 - INFO -          Description: Pwp HEROKU FEB-62762216
2025-10-16 16:26:47,508 - INFO -          Matched keyword: 'heroku' (confidence: high)
2025-10-16 16:26:47,508 - INFO -          Deductibility: yes
2025-10-16 16:26:47,508 - INFO - 
2025-10-16 16:26:47,508 - INFO - FLAGGED: 2022-03-11 | $     -2.75 | Cloud Infrastructure
2025-10-16 16:26:47,508 - INFO -          Description: Pwp Heroku Feb- Privacycom TN: 7868517 (844) 771-8229
2025-10-16 16:26:47,508 - INFO -          Matched keyword: 'heroku' (confidence: high)
2025-10-16 16:26:47,508 - INFO -          Deductibility: yes
2025-10-16 16:26:47,508 - INFO - 
2025-10-16 16:26:47,508 - INFO - FLAGGED: 2022-03-16 | $   -333.28 | Cloud Infrastructure
2025-10-16 16:26:47,508 - INFO -          Description: Pwp Heroku Jan- Privacycom TN: 2189020 (844) 771-8229
2025-10-16 16:26:47,508 - INFO -          Matched keyword: 'heroku' (confidence: high)
2025-10-16 16:26:47,508 - INFO -          Deductibility: yes
2025-10-16 16:26:47,508 - INFO - 
2025-10-16 16:26:47,508 - INFO - FLAGGED: 2022-03-16 | $   -351.34 | Cloud Infrastructure
2025-10-16 16:26:47,508 - INFO -          Description: Pwp Heroku Feb- Privacycom TN: 2657859 (844) 771-8229
2025-10-16 16:26:47,508 - INFO -          Matched keyword: 'heroku' (confidence: high)
2025-10-16 16:26:47,508 - INFO -          Deductibility: yes
2025-10-16 16:26:47,508 - INFO - 
2025-10-16 16:26:47,508 - INFO - FLAGGED: 2022-03-16 | $   -351.34 | Cloud Infrastructure
2025-10-16 16:26:47,508 - INFO -          Description: Pwp HEROKU FEB-62862583
2025-10-16 16:26:47,508 - INFO -          Matched keyword: 'heroku' (confidence: high)
2025-10-16 16:26:47,508 - INFO -          Deductibility: yes
2025-10-16 16:26:47,508 - INFO - 
2025-10-16 16:26:47,508 - INFO - FLAGGED: 2022-03-16 | $   -333.28 | Cloud Infrastructure
2025-10-16 16:26:47,508 - INFO -          Description: Pwp HEROKU JAN-60634142
2025-10-16 16:26:47,508 - INFO -          Matched keyword: 'heroku' (confidence: high)
2025-10-16 16:26:47,508 - INFO -          Deductibility: yes
2025-10-16 16:26:47,508 - INFO - 
2025-10-16 16:26:47,510 - INFO - FLAGGED: 2022-04-11 | $     -9.99 | Cloud Infrastructure
2025-10-16 16:26:47,510 - INFO -          Description: Pwp HEROKU MAR-64247326
2025-10-16 16:26:47,510 - INFO -          Matched keyword: 'heroku' (confidence: high)
2025-10-16 16:26:47,510 - INFO -          Deductibility: yes
2025-10-16 16:26:47,510 - INFO - 
2025-10-16 16:26:47,510 - INFO - FLAGGED: 2022-04-11 | $   -293.27 | Cloud Infrastructure
2025-10-16 16:26:47,510 - INFO -          Description: Pwp HEROKU MAR-64235244
2025-10-16 16:26:47,510 - INFO -          Matched keyword: 'heroku' (confidence: high)
2025-10-16 16:26:47,510 - INFO -          Deductibility: yes
2025-10-16 16:26:47,510 - INFO - 
2025-10-16 16:26:47,510 - INFO - FLAGGED: 2022-04-12 | $   -293.27 | Cloud Infrastructure
2025-10-16 16:26:47,510 - INFO -          Description: Pwp Heroku Mar- Privacycom TN: 7797279 (844) 771-8229
2025-10-16 16:26:47,510 - INFO -          Matched keyword: 'heroku' (confidence: high)
2025-10-16 16:26:47,510 - INFO -          Deductibility: yes
2025-10-16 16:26:47,510 - INFO - 
2025-10-16 16:26:47,510 - INFO - FLAGGED: 2022-04-13 | $     -9.99 | Cloud Infrastructure
2025-10-16 16:26:47,510 - INFO -          Description: Pwp Heroku Mar- Privacycom TN: 6869772 (844) 771-8229
2025-10-16 16:26:47,510 - INFO -          Matched keyword: 'heroku' (confidence: high)
2025-10-16 16:26:47,510 - INFO -          Deductibility: yes
2025-10-16 16:26:47,510 - INFO - 
2025-10-16 16:26:47,513 - INFO - FLAGGED: 2022-06-08 | $   -273.70 | Cloud Infrastructure
2025-10-16 16:26:47,513 - INFO -          Description: Pwp HEROKU APR-65662093
2025-10-16 16:26:47,513 - INFO -          Matched keyword: 'heroku' (confidence: high)
2025-10-16 16:26:47,513 - INFO -          Deductibility: yes
2025-10-16 16:26:47,513 - INFO - 
2025-10-16 16:26:47,513 - INFO - FLAGGED: 2022-06-09 | $   -273.70 | Cloud Infrastructure
2025-10-16 16:26:47,513 - INFO -          Description: Pwp Heroku Apr- Privacycom TN: 4242997 (844) 771-8229
2025-10-16 16:26:47,513 - INFO -          Matched keyword: 'heroku' (confidence: high)
2025-10-16 16:26:47,513 - INFO -          Deductibility: yes
2025-10-16 16:26:47,513 - INFO - 
2025-10-16 16:26:47,513 - INFO - FLAGGED: 2022-06-09 | $   -145.80 | Cloud Infrastructure
2025-10-16 16:26:47,513 - INFO -          Description: Pwp HEROKU MAY-67065285
2025-10-16 16:26:47,513 - INFO -          Matched keyword: 'heroku' (confidence: high)
2025-10-16 16:26:47,513 - INFO -          Deductibility: yes
2025-10-16 16:26:47,513 - INFO - 
2025-10-16 16:26:47,513 - INFO - FLAGGED: 2022-06-10 | $   -145.80 | Cloud Infrastructure
2025-10-16 16:26:47,513 - INFO -          Description: Pwp Heroku May- Privacycom TN: 2478505 (844) 771-8229
2025-10-16 16:26:47,513 - INFO -          Matched keyword: 'heroku' (confidence: high)
2025-10-16 16:26:47,513 - INFO -          Deductibility: yes
2025-10-16 16:26:47,513 - INFO - 
2025-10-16 16:26:47,515 - INFO - FLAGGED: 2022-07-12 | $   -117.09 | Cloud Infrastructure
2025-10-16 16:26:47,515 - INFO -          Description: Pwp HEROKU JUN-68484917
2025-10-16 16:26:47,515 - INFO -          Matched keyword: 'heroku' (confidence: high)
2025-10-16 16:26:47,515 - INFO -          Deductibility: yes
2025-10-16 16:26:47,515 - INFO - 
2025-10-16 16:26:47,515 - INFO - FLAGGED: 2022-07-12 | $   -276.50 | Cloud Infrastructure
2025-10-16 16:26:47,515 - INFO -          Description: Pwp HEROKU JUN-68489025
2025-10-16 16:26:47,515 - INFO -          Matched keyword: 'heroku' (confidence: high)
2025-10-16 16:26:47,515 - INFO -          Deductibility: yes
2025-10-16 16:26:47,515 - INFO - 
2025-10-16 16:26:47,515 - INFO - FLAGGED: 2022-07-13 | $   -276.50 | Cloud Infrastructure
2025-10-16 16:26:47,515 - INFO -          Description: Pwp Heroku Jun- Privacycom TN: 1947879 (844) 771-8229
2025-10-16 16:26:47,515 - INFO -          Matched keyword: 'heroku' (confidence: high)
2025-10-16 16:26:47,515 - INFO -          Deductibility: yes
2025-10-16 16:26:47,515 - INFO - 
2025-10-16 16:26:47,515 - INFO - FLAGGED: 2022-07-14 | $   -117.09 | Cloud Infrastructure
2025-10-16 16:26:47,515 - INFO -          Description: Pwp Heroku Jun- Privacycom TN: 3419252 (844) 771-8229
2025-10-16 16:26:47,515 - INFO -          Matched keyword: 'heroku' (confidence: high)
2025-10-16 16:26:47,515 - INFO -          Deductibility: yes
2025-10-16 16:26:47,515 - INFO - 
2025-10-16 16:26:47,515 - INFO - FLAGGED: 2022-07-25 | $    -12.99 | Professional Development
2025-10-16 16:26:47,515 - INFO -          Description: Purchase authorized on 07/23 Udemy: Online Cour Httpswww.Udem CA S382204283947353 Card 6470
2025-10-16 16:26:47,515 - INFO -          Matched keyword: 'udemy' (confidence: high)
2025-10-16 16:26:47,515 - INFO -          Deductibility: yes
2025-10-16 16:26:47,515 - INFO - 
2025-10-16 16:26:47,516 - INFO - FLAGGED: 2022-07-30 | $    -26.51 | Domain & DNS Services
2025-10-16 16:26:47,516 - INFO -          Description: Pwp DNH*GODADDY.COM
2025-10-16 16:26:47,516 - INFO -          Matched keyword: 'godaddy' (confidence: high)
2025-10-16 16:26:47,516 - INFO -          Deductibility: yes
2025-10-16 16:26:47,516 - INFO - 
2025-10-16 16:26:47,516 - INFO - FLAGGED: 2022-07-31 | $    -49.99 | Domain & DNS Services
2025-10-16 16:26:47,516 - INFO -          Description: Pwp DNH*GODADDY.COM
2025-10-16 16:26:47,516 - INFO -          Matched keyword: 'godaddy' (confidence: high)
2025-10-16 16:26:47,516 - INFO -          Deductibility: yes
2025-10-16 16:26:47,516 - INFO - 
2025-10-16 16:26:47,516 - INFO - FLAGGED: 2022-07-31 | $    -29.99 | Professional Development
2025-10-16 16:26:47,516 - INFO -          Description: Pwp UDEMY SUBSCRIPTION
2025-10-16 16:26:47,516 - INFO -          Matched keyword: 'udemy' (confidence: high)
2025-10-16 16:26:47,516 - INFO -          Deductibility: yes
2025-10-16 16:26:47,516 - INFO - 
2025-10-16 16:26:47,516 - INFO - FLAGGED: 2022-08-01 | $    -26.51 | Domain & DNS Services
2025-10-16 16:26:47,516 - INFO -          Description: Pwp Dnh*Godaddy Privacycom TN: 7165090 (844) 771-8229
2025-10-16 16:26:47,516 - INFO -          Matched keyword: 'godaddy' (confidence: high)
2025-10-16 16:26:47,516 - INFO -          Deductibility: yes
2025-10-16 16:26:47,516 - INFO - 
2025-10-16 16:26:47,516 - INFO - FLAGGED: 2022-08-01 | $   -278.09 | Cloud Infrastructure
2025-10-16 16:26:47,516 - INFO -          Description: Pwp HEROKU MAY-67068860
2025-10-16 16:26:47,516 - INFO -          Matched keyword: 'heroku' (confidence: high)
2025-10-16 16:26:47,516 - INFO -          Deductibility: yes
2025-10-16 16:26:47,516 - INFO - 
2025-10-16 16:26:47,516 - INFO - FLAGGED: 2022-08-02 | $    -29.99 | Professional Development
2025-10-16 16:26:47,516 - INFO -          Description: Pwp Udemy Subsc Privacycom TN: 9177244 (844) 771-8229
2025-10-16 16:26:47,516 - INFO -          Matched keyword: 'udemy' (confidence: high)
2025-10-16 16:26:47,516 - INFO -          Deductibility: yes
2025-10-16 16:26:47,516 - INFO - 
2025-10-16 16:26:47,516 - INFO - FLAGGED: 2022-08-02 | $    -49.99 | Domain & DNS Services
2025-10-16 16:26:47,516 - INFO -          Description: Pwp Dnh*Godaddy Privacycom TN: 5530272 (844) 771-8229
2025-10-16 16:26:47,516 - INFO -          Matched keyword: 'godaddy' (confidence: high)
2025-10-16 16:26:47,516 - INFO -          Deductibility: yes
2025-10-16 16:26:47,516 - INFO - 
2025-10-16 16:26:47,516 - INFO - FLAGGED: 2022-08-02 | $   -278.09 | Cloud Infrastructure
2025-10-16 16:26:47,516 - INFO -          Description: Pwp Heroku May- Privacycom TN: 5908960 (844) 771-8229
2025-10-16 16:26:47,516 - INFO -          Matched keyword: 'heroku' (confidence: high)
2025-10-16 16:26:47,516 - INFO -          Deductibility: yes
2025-10-16 16:26:47,516 - INFO - 
2025-10-16 16:26:47,517 - INFO - FLAGGED: 2022-08-09 | $   -119.22 | Cloud Infrastructure
2025-10-16 16:26:47,517 - INFO -          Description: Pwp HEROKU JUL-69953635
2025-10-16 16:26:47,517 - INFO -          Matched keyword: 'heroku' (confidence: high)
2025-10-16 16:26:47,517 - INFO -          Deductibility: yes
2025-10-16 16:26:47,517 - INFO - 
2025-10-16 16:26:47,517 - INFO - FLAGGED: 2022-08-09 | $   -123.38 | Cloud Infrastructure
2025-10-16 16:26:47,517 - INFO -          Description: Pwp HEROKU JUL-69916631
2025-10-16 16:26:47,517 - INFO -          Matched keyword: 'heroku' (confidence: high)
2025-10-16 16:26:47,517 - INFO -          Deductibility: yes
2025-10-16 16:26:47,517 - INFO - 
2025-10-16 16:26:47,517 - INFO - FLAGGED: 2022-08-10 | $    -17.99 | Domain & DNS Services
2025-10-16 16:26:47,517 - INFO -          Description: Pwp DNH*GODADDY.COM
2025-10-16 16:26:47,517 - INFO -          Matched keyword: 'godaddy' (confidence: high)
2025-10-16 16:26:47,517 - INFO -          Deductibility: yes
2025-10-16 16:26:47,517 - INFO - 
2025-10-16 16:26:47,517 - INFO - FLAGGED: 2022-08-11 | $   -119.22 | Cloud Infrastructure
2025-10-16 16:26:47,517 - INFO -          Description: Pwp Heroku Jul- Privacycom TN: 9108102 (844) 771-8229
2025-10-16 16:26:47,517 - INFO -          Matched keyword: 'heroku' (confidence: high)
2025-10-16 16:26:47,517 - INFO -          Deductibility: yes
2025-10-16 16:26:47,517 - INFO - 
2025-10-16 16:26:47,517 - INFO - FLAGGED: 2022-08-11 | $   -123.38 | Cloud Infrastructure
2025-10-16 16:26:47,517 - INFO -          Description: Pwp Heroku Jul- Privacycom TN: 2652871 (844) 771-8229
2025-10-16 16:26:47,517 - INFO -          Matched keyword: 'heroku' (confidence: high)
2025-10-16 16:26:47,517 - INFO -          Deductibility: yes
2025-10-16 16:26:47,517 - INFO - 
2025-10-16 16:26:47,517 - INFO - FLAGGED: 2022-08-12 | $    -17.99 | Domain & DNS Services
2025-10-16 16:26:47,517 - INFO -          Description: Pwp Dnh*Godaddy Privacycom TN: 2615965 (844) 771-8229
2025-10-16 16:26:47,517 - INFO -          Matched keyword: 'godaddy' (confidence: high)
2025-10-16 16:26:47,517 - INFO -          Deductibility: yes
2025-10-16 16:26:47,517 - INFO - 
2025-10-16 16:26:47,518 - INFO - FLAGGED: 2022-08-24 | $     -9.03 | Domain & DNS Services
2025-10-16 16:26:47,518 - INFO -          Description: Pwp DNH*GODADDY.COM
2025-10-16 16:26:47,518 - INFO -          Matched keyword: 'godaddy' (confidence: high)
2025-10-16 16:26:47,518 - INFO -          Deductibility: yes
2025-10-16 16:26:47,518 - INFO - 
2025-10-16 16:26:47,518 - INFO - FLAGGED: 2022-08-25 | $     -9.03 | Domain & DNS Services
2025-10-16 16:26:47,518 - INFO -          Description: Pwp DNH*GODADDY.COM
2025-10-16 16:26:47,518 - INFO -          Matched keyword: 'godaddy' (confidence: high)
2025-10-16 16:26:47,518 - INFO -          Deductibility: yes
2025-10-16 16:26:47,518 - INFO - 
2025-10-16 16:26:47,518 - INFO - FLAGGED: 2022-08-26 | $     -9.03 | Domain & DNS Services
2025-10-16 16:26:47,518 - INFO -          Description: Pwp Dnh*Godaddy Privacycom TN: 1434433 (844) 771-8229
2025-10-16 16:26:47,518 - INFO -          Matched keyword: 'godaddy' (confidence: high)
2025-10-16 16:26:47,518 - INFO -          Deductibility: yes
2025-10-16 16:26:47,518 - INFO - 
2025-10-16 16:26:47,518 - INFO - FLAGGED: 2022-08-27 | $    -24.99 | Domain & DNS Services
2025-10-16 16:26:47,518 - INFO -          Description: Pwp DNH*GODADDY.COM
2025-10-16 16:26:47,518 - INFO -          Matched keyword: 'godaddy' (confidence: high)
2025-10-16 16:26:47,518 - INFO -          Deductibility: yes
2025-10-16 16:26:47,518 - INFO - 
2025-10-16 16:26:47,518 - INFO - FLAGGED: 2022-08-28 | $     -2.17 | Domain & DNS Services
2025-10-16 16:26:47,518 - INFO -          Description: Pwp DNH*GODADDY.COM
2025-10-16 16:26:47,518 - INFO -          Matched keyword: 'godaddy' (confidence: high)
2025-10-16 16:26:47,518 - INFO -          Deductibility: yes
2025-10-16 16:26:47,518 - INFO - 
2025-10-16 16:26:47,518 - INFO - FLAGGED: 2022-08-29 | $     -9.03 | Domain & DNS Services
2025-10-16 16:26:47,518 - INFO -          Description: Pwp Dnh*Godaddy Privacycom TN: 1355299 (844) 771-8229
2025-10-16 16:26:47,518 - INFO -          Matched keyword: 'godaddy' (confidence: high)
2025-10-16 16:26:47,518 - INFO -          Deductibility: yes
2025-10-16 16:26:47,518 - INFO - 
2025-10-16 16:26:47,518 - INFO - FLAGGED: 2022-08-29 | $    -24.99 | Domain & DNS Services
2025-10-16 16:26:47,518 - INFO -          Description: Pwp Dnh*Godaddy Privacycom TN: 1509531 (844) 771-8229
2025-10-16 16:26:47,518 - INFO -          Matched keyword: 'godaddy' (confidence: high)
2025-10-16 16:26:47,518 - INFO -          Deductibility: yes
2025-10-16 16:26:47,518 - INFO - 
2025-10-16 16:26:47,518 - INFO - FLAGGED: 2022-08-30 | $     -2.17 | Domain & DNS Services
2025-10-16 16:26:47,518 - INFO -          Description: Pwp Dnh*Godaddy Privacycom TN: 1619439 (844) 771-8229
2025-10-16 16:26:47,518 - INFO -          Matched keyword: 'godaddy' (confidence: high)
2025-10-16 16:26:47,518 - INFO -          Deductibility: yes
2025-10-16 16:26:47,518 - INFO - 
2025-10-16 16:26:47,518 - INFO - FLAGGED: 2022-08-30 | $    -24.99 | Domain & DNS Services
2025-10-16 16:26:47,518 - INFO -          Description: Pwp DNH*GODADDY.COM
2025-10-16 16:26:47,518 - INFO -          Matched keyword: 'godaddy' (confidence: high)
2025-10-16 16:26:47,518 - INFO -          Deductibility: yes
2025-10-16 16:26:47,518 - INFO - 
2025-10-16 16:26:47,519 - INFO - FLAGGED: 2022-09-01 | $    -24.99 | Domain & DNS Services
2025-10-16 16:26:47,519 - INFO -          Description: Pwp Dnh*Godaddy Privacycom TN: 1789944 (844) 771-8229
2025-10-16 16:26:47,519 - INFO -          Matched keyword: 'godaddy' (confidence: high)
2025-10-16 16:26:47,519 - INFO -          Deductibility: yes
2025-10-16 16:26:47,519 - INFO - 
2025-10-16 16:26:47,519 - INFO - FLAGGED: 2022-09-04 | $     -9.63 | Domain & DNS Services
2025-10-16 16:26:47,519 - INFO -          Description: Pwp DNH*GODADDY.COM
2025-10-16 16:26:47,519 - INFO -          Matched keyword: 'godaddy' (confidence: high)
2025-10-16 16:26:47,519 - INFO -          Deductibility: yes
2025-10-16 16:26:47,519 - INFO - 
2025-10-16 16:26:47,519 - INFO - FLAGGED: 2022-09-06 | $     -9.63 | Domain & DNS Services
2025-10-16 16:26:47,519 - INFO -          Description: Pwp Dnh*Godaddy Privacycom TN: 3638758 (844) 771-8229
2025-10-16 16:26:47,519 - INFO -          Matched keyword: 'godaddy' (confidence: high)
2025-10-16 16:26:47,519 - INFO -          Deductibility: yes
2025-10-16 16:26:47,519 - INFO - 
2025-10-16 16:26:47,519 - INFO - FLAGGED: 2022-09-12 | $   -102.13 | Cloud Infrastructure
2025-10-16 16:26:47,519 - INFO -          Description: Pwp HEROKU AUG-71424397
2025-10-16 16:26:47,519 - INFO -          Matched keyword: 'heroku' (confidence: high)
2025-10-16 16:26:47,519 - INFO -          Deductibility: yes
2025-10-16 16:26:47,519 - INFO - 
2025-10-16 16:26:47,519 - INFO - FLAGGED: 2022-09-12 | $   -265.92 | Cloud Infrastructure
2025-10-16 16:26:47,519 - INFO -          Description: Pwp HEROKU AUG-71364803
2025-10-16 16:26:47,520 - INFO -          Matched keyword: 'heroku' (confidence: high)
2025-10-16 16:26:47,520 - INFO -          Deductibility: yes
2025-10-16 16:26:47,520 - INFO - 
2025-10-16 16:26:47,520 - INFO - FLAGGED: 2022-09-13 | $   -265.92 | Cloud Infrastructure
2025-10-16 16:26:47,520 - INFO -          Description: Pwp Heroku Aug- Privacycom TN: 2633814 (844) 771-8229
2025-10-16 16:26:47,520 - INFO -          Matched keyword: 'heroku' (confidence: high)
2025-10-16 16:26:47,520 - INFO -          Deductibility: yes
2025-10-16 16:26:47,520 - INFO - 
2025-10-16 16:26:47,520 - INFO - FLAGGED: 2022-09-14 | $   -102.13 | Cloud Infrastructure
2025-10-16 16:26:47,520 - INFO -          Description: Pwp Heroku Aug- Privacycom TN: 7919275 (844) 771-8229
2025-10-16 16:26:47,520 - INFO -          Matched keyword: 'heroku' (confidence: high)
2025-10-16 16:26:47,520 - INFO -          Deductibility: yes
2025-10-16 16:26:47,520 - INFO - 
2025-10-16 16:26:47,520 - INFO - FLAGGED: 2022-09-18 | $    -26.80 | Domain & DNS Services
2025-10-16 16:26:47,520 - INFO -          Description: Pwp DNH*GODADDY.COM
2025-10-16 16:26:47,520 - INFO -          Matched keyword: 'godaddy' (confidence: high)
2025-10-16 16:26:47,520 - INFO -          Deductibility: yes
2025-10-16 16:26:47,520 - INFO - 
2025-10-16 16:26:47,520 - INFO - FLAGGED: 2022-09-20 | $    -26.80 | Domain & DNS Services
2025-10-16 16:26:47,520 - INFO -          Description: Pwp Dnh*Godaddy Privacycom TN: 1327108 (844) 771-8229
2025-10-16 16:26:47,520 - INFO -          Matched keyword: 'godaddy' (confidence: high)
2025-10-16 16:26:47,520 - INFO -          Deductibility: yes
2025-10-16 16:26:47,520 - INFO - 
2025-10-16 16:26:47,520 - INFO - FLAGGED: 2022-09-25 | $    -49.98 | Domain & DNS Services
2025-10-16 16:26:47,520 - INFO -          Description: Pwp DNH*GODADDY.COM
2025-10-16 16:26:47,520 - INFO -          Matched keyword: 'godaddy' (confidence: high)
2025-10-16 16:26:47,520 - INFO -          Deductibility: yes
2025-10-16 16:26:47,520 - INFO - 
2025-10-16 16:26:47,520 - INFO - FLAGGED: 2022-09-30 | $    -10.00 | Software & Development Tools
2025-10-16 16:26:47,521 - INFO -          Description: Pwp GITHUB
2025-10-16 16:26:47,521 - INFO -          Matched keyword: 'github' (confidence: high)
2025-10-16 16:26:47,521 - INFO -          Deductibility: yes
2025-10-16 16:26:47,521 - INFO - 
2025-10-16 16:26:47,521 - INFO - FLAGGED: 2022-10-03 | $    -10.00 | Software & Development Tools
2025-10-16 16:26:47,521 - INFO -          Description: Pwp Github Privacycom TN: 1444133 (844) 771-8229
2025-10-16 16:26:47,521 - INFO -          Matched keyword: 'github' (confidence: high)
2025-10-16 16:26:47,521 - INFO -          Deductibility: yes
2025-10-16 16:26:47,521 - INFO - 
2025-10-16 16:26:47,521 - INFO - FLAGGED: 2022-10-06 | $     -9.63 | Domain & DNS Services
2025-10-16 16:26:47,521 - INFO -          Description: Pwp DNH*GODADDY.COM
2025-10-16 16:26:47,521 - INFO -          Matched keyword: 'godaddy' (confidence: high)
2025-10-16 16:26:47,521 - INFO -          Deductibility: yes
2025-10-16 16:26:47,521 - INFO - 
2025-10-16 16:26:47,521 - INFO - FLAGGED: 2022-10-10 | $   -104.09 | Cloud Infrastructure
2025-10-16 16:26:47,521 - INFO -          Description: Pwp HEROKU SEP-72892551
2025-10-16 16:26:47,521 - INFO -          Matched keyword: 'heroku' (confidence: high)
2025-10-16 16:26:47,521 - INFO -          Deductibility: yes
2025-10-16 16:26:47,521 - INFO - 
2025-10-16 16:26:47,521 - INFO - FLAGGED: 2022-10-10 | $   -258.53 | Cloud Infrastructure
2025-10-16 16:26:47,521 - INFO -          Description: Pwp HEROKU SEP-72825340
2025-10-16 16:26:47,521 - INFO -          Matched keyword: 'heroku' (confidence: high)
2025-10-16 16:26:47,521 - INFO -          Deductibility: yes
2025-10-16 16:26:47,521 - INFO - 
2025-10-16 16:26:47,522 - INFO - FLAGGED: 2022-10-11 | $     -9.63 | Domain & DNS Services
2025-10-16 16:26:47,522 - INFO -          Description: Pwp Dnh*Godaddy Privacycom TN: 8509867 (844) 771-8229
2025-10-16 16:26:47,522 - INFO -          Matched keyword: 'godaddy' (confidence: high)
2025-10-16 16:26:47,522 - INFO -          Deductibility: yes
2025-10-16 16:26:47,522 - INFO - 
2025-10-16 16:26:47,522 - INFO - FLAGGED: 2022-10-11 | $   -104.09 | Cloud Infrastructure
2025-10-16 16:26:47,522 - INFO -          Description: Pwp Heroku SEP- Privacycom TN: 2385184 (844) 771-8229
2025-10-16 16:26:47,522 - INFO -          Matched keyword: 'heroku' (confidence: high)
2025-10-16 16:26:47,522 - INFO -          Deductibility: yes
2025-10-16 16:26:47,522 - INFO - 
2025-10-16 16:26:47,522 - INFO - FLAGGED: 2022-10-11 | $   -258.53 | Cloud Infrastructure
2025-10-16 16:26:47,522 - INFO -          Description: Pwp Heroku SEP- Privacycom TN: 1657688 (844) 771-8229
2025-10-16 16:26:47,522 - INFO -          Matched keyword: 'heroku' (confidence: high)
2025-10-16 16:26:47,522 - INFO -          Deductibility: yes
2025-10-16 16:26:47,522 - INFO - 
2025-10-16 16:26:47,522 - INFO - FLAGGED: 2022-10-13 | $    -11.17 | Domain & DNS Services
2025-10-16 16:26:47,522 - INFO -          Description: Pwp DNH*GODADDY.COM
2025-10-16 16:26:47,522 - INFO -          Matched keyword: 'godaddy' (confidence: high)
2025-10-16 16:26:47,522 - INFO -          Deductibility: yes
2025-10-16 16:26:47,522 - INFO - 
2025-10-16 16:26:47,522 - INFO - FLAGGED: 2022-10-15 | $    -23.80 | Domain & DNS Services
2025-10-16 16:26:47,522 - INFO -          Description: Pwp DNH*GODADDY.COM
2025-10-16 16:26:47,522 - INFO -          Matched keyword: 'godaddy' (confidence: high)
2025-10-16 16:26:47,522 - INFO -          Deductibility: yes
2025-10-16 16:26:47,522 - INFO - 
2025-10-16 16:26:47,522 - INFO - FLAGGED: 2022-10-17 | $    -11.17 | Domain & DNS Services
2025-10-16 16:26:47,522 - INFO -          Description: Pwp Dnh*Godaddy Privacycom TN: 1399781 (844) 771-8229
2025-10-16 16:26:47,522 - INFO -          Matched keyword: 'godaddy' (confidence: high)
2025-10-16 16:26:47,522 - INFO -          Deductibility: yes
2025-10-16 16:26:47,522 - INFO - 
2025-10-16 16:26:47,522 - INFO - FLAGGED: 2022-10-17 | $    -23.80 | Domain & DNS Services
2025-10-16 16:26:47,522 - INFO -          Description: Pwp Dnh*Godaddy Privacycom TN: 5535045 (844) 771-8229
2025-10-16 16:26:47,522 - INFO -          Matched keyword: 'godaddy' (confidence: high)
2025-10-16 16:26:47,522 - INFO -          Deductibility: yes
2025-10-16 16:26:47,522 - INFO - 
2025-10-16 16:26:47,523 - INFO - FLAGGED: 2022-10-21 | $    -29.99 | Domain & DNS Services
2025-10-16 16:26:47,523 - INFO -          Description: Pwp DNH*GODADDY.COM
2025-10-16 16:26:47,523 - INFO -          Matched keyword: 'godaddy' (confidence: high)
2025-10-16 16:26:47,523 - INFO -          Deductibility: yes
2025-10-16 16:26:47,523 - INFO - 
2025-10-16 16:26:47,523 - INFO - FLAGGED: 2022-10-24 | $    -29.99 | Domain & DNS Services
2025-10-16 16:26:47,523 - INFO -          Description: Pwp Dnh*Godaddy Privacycom TN: 7292261 (844) 771-8229
2025-10-16 16:26:47,523 - INFO -          Matched keyword: 'godaddy' (confidence: high)
2025-10-16 16:26:47,523 - INFO -          Deductibility: yes
2025-10-16 16:26:47,523 - INFO - 
2025-10-16 16:26:47,523 - INFO - FLAGGED: 2022-10-30 | $    -24.17 | Domain & DNS Services
2025-10-16 16:26:47,523 - INFO -          Description: Pwp DNH*GODADDY.COM
2025-10-16 16:26:47,523 - INFO -          Matched keyword: 'godaddy' (confidence: high)
2025-10-16 16:26:47,523 - INFO -          Deductibility: yes
2025-10-16 16:26:47,523 - INFO - 
2025-10-16 16:26:47,523 - INFO - FLAGGED: 2022-10-30 | $     -9.63 | Domain & DNS Services
2025-10-16 16:26:47,523 - INFO -          Description: Pwp DNH*GODADDY.COM
2025-10-16 16:26:47,523 - INFO -          Matched keyword: 'godaddy' (confidence: high)
2025-10-16 16:26:47,523 - INFO -          Deductibility: yes
2025-10-16 16:26:47,523 - INFO - 
2025-10-16 16:26:47,523 - INFO - FLAGGED: 2022-10-31 | $    -24.17 | Domain & DNS Services
2025-10-16 16:26:47,523 - INFO -          Description: Pwp Dnh*Godaddy Privacycom TN: 1452620 (844) 771-8229
2025-10-16 16:26:47,523 - INFO -          Matched keyword: 'godaddy' (confidence: high)
2025-10-16 16:26:47,523 - INFO -          Deductibility: yes
2025-10-16 16:26:47,523 - INFO - 
2025-10-16 16:26:47,523 - INFO - FLAGGED: 2022-10-31 | $    -10.00 | Software & Development Tools
2025-10-16 16:26:47,523 - INFO -          Description: Pwp GITHUB
2025-10-16 16:26:47,523 - INFO -          Matched keyword: 'github' (confidence: high)
2025-10-16 16:26:47,523 - INFO -          Deductibility: yes
2025-10-16 16:26:47,523 - INFO - 
2025-10-16 16:26:47,523 - INFO - FLAGGED: 2022-11-01 | $     -9.63 | Domain & DNS Services
2025-10-16 16:26:47,524 - INFO -          Description: Pwp Dnh*Godaddy Privacycom TN: 1007464 (844) 771-8229
2025-10-16 16:26:47,524 - INFO -          Matched keyword: 'godaddy' (confidence: high)
2025-10-16 16:26:47,524 - INFO -          Deductibility: yes
2025-10-16 16:26:47,524 - INFO - 
2025-10-16 16:26:47,524 - INFO - FLAGGED: 2022-11-01 | $    -10.00 | Software & Development Tools
2025-10-16 16:26:47,524 - INFO -          Description: Pwp Github Privacycom TN: 1205808 (844) 771-8229
2025-10-16 16:26:47,524 - INFO -          Matched keyword: 'github' (confidence: high)
2025-10-16 16:26:47,524 - INFO -          Deductibility: yes
2025-10-16 16:26:47,524 - INFO - 
2025-10-16 16:26:47,524 - INFO - FLAGGED: 2022-11-09 | $   -256.99 | Cloud Infrastructure
2025-10-16 16:26:47,524 - INFO -          Description: Pwp HEROKU OCT-74296439
2025-10-16 16:26:47,524 - INFO -          Matched keyword: 'heroku' (confidence: high)
2025-10-16 16:26:47,524 - INFO -          Deductibility: yes
2025-10-16 16:26:47,524 - INFO - 
2025-10-16 16:26:47,524 - INFO - FLAGGED: 2022-11-09 | $    -98.20 | Cloud Infrastructure
2025-10-16 16:26:47,524 - INFO -          Description: Pwp HEROKU OCT-74362882
2025-10-16 16:26:47,524 - INFO -          Matched keyword: 'heroku' (confidence: high)
2025-10-16 16:26:47,524 - INFO -          Deductibility: yes
2025-10-16 16:26:47,524 - INFO - 
2025-10-16 16:26:47,524 - INFO - FLAGGED: 2022-11-10 | $   -256.99 | Cloud Infrastructure
2025-10-16 16:26:47,524 - INFO -          Description: Pwp Heroku Oct- Privacycom TN: 2700619 (844) 771-8229
2025-10-16 16:26:47,524 - INFO -          Matched keyword: 'heroku' (confidence: high)
2025-10-16 16:26:47,524 - INFO -          Deductibility: yes
2025-10-16 16:26:47,524 - INFO - 
2025-10-16 16:26:47,524 - INFO - FLAGGED: 2022-11-13 | $    -69.99 | Domain & DNS Services
2025-10-16 16:26:47,524 - INFO -          Description: Pwp DNH*GODADDY.COM
2025-10-16 16:26:47,524 - INFO -          Matched keyword: 'godaddy' (confidence: high)
2025-10-16 16:26:47,524 - INFO -          Deductibility: yes
2025-10-16 16:26:47,524 - INFO - 
2025-10-16 16:26:47,524 - INFO - FLAGGED: 2022-11-14 | $    -98.20 | Cloud Infrastructure
2025-10-16 16:26:47,524 - INFO -          Description: Pwp Heroku Oct- Privacycom TN: 1681762 (844) 771-8229
2025-10-16 16:26:47,524 - INFO -          Matched keyword: 'heroku' (confidence: high)
2025-10-16 16:26:47,524 - INFO -          Deductibility: yes
2025-10-16 16:26:47,524 - INFO - 
2025-10-16 16:26:47,525 - INFO - FLAGGED: 2022-11-15 | $    -69.99 | Domain & DNS Services
2025-10-16 16:26:47,525 - INFO -          Description: Pwp Dnh*Godaddy Privacycom TN: 5747209 (844) 771-8229
2025-10-16 16:26:47,525 - INFO -          Matched keyword: 'godaddy' (confidence: high)
2025-10-16 16:26:47,525 - INFO -          Deductibility: yes
2025-10-16 16:26:47,525 - INFO - 
2025-10-16 16:26:47,525 - INFO - FLAGGED: 2022-11-16 | $    -90.14 | Domain & DNS Services
2025-10-16 16:26:47,525 - INFO -          Description: Pwp DNH*GODADDY.COM
2025-10-16 16:26:47,525 - INFO -          Matched keyword: 'godaddy' (confidence: high)
2025-10-16 16:26:47,525 - INFO -          Deductibility: yes
2025-10-16 16:26:47,525 - INFO - 
2025-10-16 16:26:47,525 - INFO - FLAGGED: 2022-11-17 | $    -11.99 | Domain & DNS Services
2025-10-16 16:26:47,525 - INFO -          Description: Pwp DNH*GODADDY.COM
2025-10-16 16:26:47,525 - INFO -          Matched keyword: 'godaddy' (confidence: high)
2025-10-16 16:26:47,525 - INFO -          Deductibility: yes
2025-10-16 16:26:47,525 - INFO - 
2025-10-16 16:26:47,525 - INFO - FLAGGED: 2022-11-17 | $   -960.00 | Domain & DNS Services
2025-10-16 16:26:47,525 - INFO -          Description: Pwp DNH*GODADDY.COM
2025-10-16 16:26:47,525 - INFO -          Matched keyword: 'godaddy' (confidence: high)
2025-10-16 16:26:47,525 - INFO -          Deductibility: yes
2025-10-16 16:26:47,525 - INFO - 
2025-10-16 16:26:47,525 - INFO - FLAGGED: 2022-11-18 | $    -90.14 | Domain & DNS Services
2025-10-16 16:26:47,525 - INFO -          Description: Pwp Dnh*Godaddy Privacycom TN: 1267554 (844) 771-8229
2025-10-16 16:26:47,525 - INFO -          Matched keyword: 'godaddy' (confidence: high)
2025-10-16 16:26:47,525 - INFO -          Deductibility: yes
2025-10-16 16:26:47,525 - INFO - 
2025-10-16 16:26:47,525 - INFO - FLAGGED: 2022-11-18 | $   -960.00 | Domain & DNS Services
2025-10-16 16:26:47,525 - INFO -          Description: Pwp Dnh*Godaddy Privacycom TN: 1802329 (844) 771-8229
2025-10-16 16:26:47,525 - INFO -          Matched keyword: 'godaddy' (confidence: high)
2025-10-16 16:26:47,525 - INFO -          Deductibility: yes
2025-10-16 16:26:47,525 - INFO - 
2025-10-16 16:26:47,525 - INFO - FLAGGED: 2022-11-18 | $    -20.17 | Domain & DNS Services
2025-10-16 16:26:47,525 - INFO -          Description: Pwp DNH*GODADDY.COM
2025-10-16 16:26:47,525 - INFO -          Matched keyword: 'godaddy' (confidence: high)
2025-10-16 16:26:47,525 - INFO -          Deductibility: yes
2025-10-16 16:26:47,525 - INFO - 
2025-10-16 16:26:47,525 - INFO - FLAGGED: 2022-11-21 | $    -11.99 | Domain & DNS Services
2025-10-16 16:26:47,525 - INFO -          Description: Pwp Dnh*Godaddy Privacycom TN: 4421880 (844) 771-8229
2025-10-16 16:26:47,525 - INFO -          Matched keyword: 'godaddy' (confidence: high)
2025-10-16 16:26:47,525 - INFO -          Deductibility: yes
2025-10-16 16:26:47,525 - INFO - 
2025-10-16 16:26:47,525 - INFO - FLAGGED: 2022-11-21 | $    -20.17 | Domain & DNS Services
2025-10-16 16:26:47,525 - INFO -          Description: Pwp Dnh*Godaddy Privacycom TN: 1291408 (844) 771-8229
2025-10-16 16:26:47,525 - INFO -          Matched keyword: 'godaddy' (confidence: high)
2025-10-16 16:26:47,525 - INFO -          Deductibility: yes
2025-10-16 16:26:47,525 - INFO - 
2025-10-16 16:26:47,526 - INFO - FLAGGED: 2022-11-30 | $    -10.00 | Software & Development Tools
2025-10-16 16:26:47,526 - INFO -          Description: Pwp GITHUB
2025-10-16 16:26:47,526 - INFO -          Matched keyword: 'github' (confidence: high)
2025-10-16 16:26:47,526 - INFO -          Deductibility: yes
2025-10-16 16:26:47,526 - INFO - 
2025-10-16 16:26:47,526 - INFO - FLAGGED: 2022-12-01 | $    -10.00 | Software & Development Tools
2025-10-16 16:26:47,526 - INFO -          Description: Pwp Github Privacycom TN: 1270032 (844) 771-8229
2025-10-16 16:26:47,526 - INFO -          Matched keyword: 'github' (confidence: high)
2025-10-16 16:26:47,526 - INFO -          Deductibility: yes
2025-10-16 16:26:47,526 - INFO - 
2025-10-16 16:26:47,526 - INFO - FLAGGED: 2022-12-04 | $    -20.17 | Domain & DNS Services
2025-10-16 16:26:47,526 - INFO -          Description: Pwp DNH*GODADDY.COM
2025-10-16 16:26:47,526 - INFO -          Matched keyword: 'godaddy' (confidence: high)
2025-10-16 16:26:47,526 - INFO -          Deductibility: yes
2025-10-16 16:26:47,526 - INFO - 
2025-10-16 16:26:47,526 - INFO - FLAGGED: 2022-12-06 | $    -20.17 | Domain & DNS Services
2025-10-16 16:26:47,527 - INFO -          Description: Pwp Dnh*Godaddy Privacycom TN: 2469451 (844) 771-8229
2025-10-16 16:26:47,527 - INFO -          Matched keyword: 'godaddy' (confidence: high)
2025-10-16 16:26:47,527 - INFO -          Deductibility: yes
2025-10-16 16:26:47,527 - INFO - 
2025-10-16 16:26:47,527 - INFO - FLAGGED: 2022-12-08 | $    -97.10 | Cloud Infrastructure
2025-10-16 16:26:47,527 - INFO -          Description: Pwp HEROKU NOV-75839757
2025-10-16 16:26:47,527 - INFO -          Matched keyword: 'heroku' (confidence: high)
2025-10-16 16:26:47,527 - INFO -          Deductibility: yes
2025-10-16 16:26:47,527 - INFO - 
2025-10-16 16:26:47,527 - INFO - FLAGGED: 2022-12-08 | $   -256.49 | Cloud Infrastructure
2025-10-16 16:26:47,527 - INFO -          Description: Pwp HEROKU NOV-75773165
2025-10-16 16:26:47,527 - INFO -          Matched keyword: 'heroku' (confidence: high)
2025-10-16 16:26:47,527 - INFO -          Deductibility: yes
2025-10-16 16:26:47,527 - INFO - 
2025-10-16 16:26:47,527 - INFO - FLAGGED: 2022-12-09 | $   -256.49 | Cloud Infrastructure
2025-10-16 16:26:47,527 - INFO -          Description: Pwp Heroku Nov- Privacycom TN: 1697475 (844) 771-8229
2025-10-16 16:26:47,527 - INFO -          Matched keyword: 'heroku' (confidence: high)
2025-10-16 16:26:47,527 - INFO -          Deductibility: yes
2025-10-16 16:26:47,527 - INFO - 
2025-10-16 16:26:47,527 - INFO - FLAGGED: 2022-12-10 | $    -20.17 | Domain & DNS Services
2025-10-16 16:26:47,527 - INFO -          Description: Pwp DNH*GODADDY.COM
2025-10-16 16:26:47,527 - INFO -          Matched keyword: 'godaddy' (confidence: high)
2025-10-16 16:26:47,527 - INFO -          Deductibility: yes
2025-10-16 16:26:47,527 - INFO - 
2025-10-16 16:26:47,527 - INFO - FLAGGED: 2022-12-11 | $    -26.17 | Domain & DNS Services
2025-10-16 16:26:47,527 - INFO -          Description: Pwp DNH*GODADDY.COM
2025-10-16 16:26:47,527 - INFO -          Matched keyword: 'godaddy' (confidence: high)
2025-10-16 16:26:47,527 - INFO -          Deductibility: yes
2025-10-16 16:26:47,527 - INFO - 
2025-10-16 16:26:47,527 - INFO - FLAGGED: 2022-12-12 | $    -20.17 | Domain & DNS Services
2025-10-16 16:26:47,527 - INFO -          Description: Pwp Dnh*Godaddy Privacycom TN: 1603787 (844) 771-8229
2025-10-16 16:26:47,527 - INFO -          Matched keyword: 'godaddy' (confidence: high)
2025-10-16 16:26:47,527 - INFO -          Deductibility: yes
2025-10-16 16:26:47,527 - INFO - 
2025-10-16 16:26:47,527 - INFO - FLAGGED: 2022-12-12 | $    -97.10 | Cloud Infrastructure
2025-10-16 16:26:47,527 - INFO -          Description: Pwp Heroku Nov- Privacycom TN: 3678443 (844) 771-8229
2025-10-16 16:26:47,527 - INFO -          Matched keyword: 'heroku' (confidence: high)
2025-10-16 16:26:47,527 - INFO -          Deductibility: yes
2025-10-16 16:26:47,527 - INFO - 
2025-10-16 16:26:47,527 - INFO - FLAGGED: 2022-12-12 | $    -20.17 | Domain & DNS Services
2025-10-16 16:26:47,527 - INFO -          Description: Pwp DNH*GODADDY.COM
2025-10-16 16:26:47,527 - INFO -          Matched keyword: 'godaddy' (confidence: high)
2025-10-16 16:26:47,527 - INFO -          Deductibility: yes
2025-10-16 16:26:47,527 - INFO - 
2025-10-16 16:26:47,528 - INFO - FLAGGED: 2022-12-13 | $    -26.17 | Domain & DNS Services
2025-10-16 16:26:47,528 - INFO -          Description: Pwp Dnh*Godaddy Privacycom TN: 2986775 (844) 771-8229
2025-10-16 16:26:47,528 - INFO -          Matched keyword: 'godaddy' (confidence: high)
2025-10-16 16:26:47,528 - INFO -          Deductibility: yes
2025-10-16 16:26:47,528 - INFO - 
2025-10-16 16:26:47,528 - INFO - FLAGGED: 2022-12-14 | $    -20.17 | Domain & DNS Services
2025-10-16 16:26:47,528 - INFO -          Description: Pwp Dnh*Godaddy Privacycom TN: 2096942 (844) 771-8229
2025-10-16 16:26:47,528 - INFO -          Matched keyword: 'godaddy' (confidence: high)
2025-10-16 16:26:47,528 - INFO -          Deductibility: yes
2025-10-16 16:26:47,528 - INFO - 
2025-10-16 16:26:47,528 - INFO - FLAGGED: 2022-12-14 | $    -20.17 | Domain & DNS Services
2025-10-16 16:26:47,528 - INFO -          Description: Pwp DNH*GODADDY.COM
2025-10-16 16:26:47,528 - INFO -          Matched keyword: 'godaddy' (confidence: high)
2025-10-16 16:26:47,528 - INFO -          Deductibility: yes
2025-10-16 16:26:47,528 - INFO - 
2025-10-16 16:26:47,528 - INFO - FLAGGED: 2022-12-16 | $    -20.17 | Domain & DNS Services
2025-10-16 16:26:47,528 - INFO -          Description: Pwp Dnh*Godaddy Privacycom TN: 1744122 (844) 771-8229
2025-10-16 16:26:47,528 - INFO -          Matched keyword: 'godaddy' (confidence: high)
2025-10-16 16:26:47,528 - INFO -          Deductibility: yes
2025-10-16 16:26:47,528 - INFO - 
2025-10-16 16:26:47,528 - INFO - FLAGGED: 2022-12-17 | $    -11.99 | Domain & DNS Services
2025-10-16 16:26:47,528 - INFO -          Description: Pwp DNH*GODADDY.COM
2025-10-16 16:26:47,528 - INFO -          Matched keyword: 'godaddy' (confidence: high)
2025-10-16 16:26:47,528 - INFO -          Deductibility: yes
2025-10-16 16:26:47,528 - INFO - 
2025-10-16 16:26:47,528 - INFO - FLAGGED: 2022-12-19 | $    -11.99 | Domain & DNS Services
2025-10-16 16:26:47,528 - INFO -          Description: Pwp Dnh*Godaddy Privacycom TN: 1445207 (844) 771-8229
2025-10-16 16:26:47,528 - INFO -          Matched keyword: 'godaddy' (confidence: high)
2025-10-16 16:26:47,528 - INFO -          Deductibility: yes
2025-10-16 16:26:47,528 - INFO - 
2025-10-16 16:26:47,528 - INFO - FLAGGED: 2022-12-20 | $    -31.17 | Domain & DNS Services
2025-10-16 16:26:47,529 - INFO -          Description: Pwp DNH*GODADDY.COM
2025-10-16 16:26:47,529 - INFO -          Matched keyword: 'godaddy' (confidence: high)
2025-10-16 16:26:47,529 - INFO -          Deductibility: yes
2025-10-16 16:26:47,529 - INFO - 
2025-10-16 16:26:47,529 - INFO - FLAGGED: 2022-12-20 | $    -12.17 | Domain & DNS Services
2025-10-16 16:26:47,529 - INFO -          Description: Pwp DNH*GODADDY.COM
2025-10-16 16:26:47,529 - INFO -          Matched keyword: 'godaddy' (confidence: high)
2025-10-16 16:26:47,529 - INFO -          Deductibility: yes
2025-10-16 16:26:47,529 - INFO - 
2025-10-16 16:26:47,529 - INFO - FLAGGED: 2022-12-21 | $    -12.17 | Domain & DNS Services
2025-10-16 16:26:47,529 - INFO -          Description: Pwp Dnh*Godaddy Privacycom TN: 3519912 (844) 771-8229
2025-10-16 16:26:47,529 - INFO -          Matched keyword: 'godaddy' (confidence: high)
2025-10-16 16:26:47,529 - INFO -          Deductibility: yes
2025-10-16 16:26:47,529 - INFO - 
2025-10-16 16:26:47,529 - INFO - FLAGGED: 2022-12-21 | $    -31.17 | Domain & DNS Services
2025-10-16 16:26:47,529 - INFO -          Description: Pwp Dnh*Godaddy Privacycom TN: 9243687 (844) 771-8229
2025-10-16 16:26:47,529 - INFO -          Matched keyword: 'godaddy' (confidence: high)
2025-10-16 16:26:47,529 - INFO -          Deductibility: yes
2025-10-16 16:26:47,529 - INFO - 
2025-10-16 16:26:47,529 - INFO - FLAGGED: 2022-12-31 | $    -20.17 | Domain & DNS Services
2025-10-16 16:26:47,529 - INFO -          Description: Pwp DNH*GODADDY.COM
2025-10-16 16:26:47,529 - INFO -          Matched keyword: 'godaddy' (confidence: high)
2025-10-16 16:26:47,529 - INFO -          Deductibility: yes
2025-10-16 16:26:47,529 - INFO - 
2025-10-16 16:26:47,529 - INFO - FLAGGED: 2022-12-31 | $    -10.00 | Software & Development Tools
2025-10-16 16:26:47,529 - INFO -          Description: Pwp GITHUB
2025-10-16 16:26:47,529 - INFO -          Matched keyword: 'github' (confidence: high)
2025-10-16 16:26:47,529 - INFO -          Deductibility: yes
2025-10-16 16:26:47,529 - INFO - 
2025-10-16 16:26:47,530 - INFO - ================================================================================
2025-10-16 16:26:47,530 - INFO - SUMMARY
2025-10-16 16:26:47,530 - INFO - ================================================================================
2025-10-16 16:26:47,530 - INFO - Total transactions processed: 2710
2025-10-16 16:26:47,530 - INFO - Total flagged as expenses: 129 (4.8%)
2025-10-16 16:26:47,530 - INFO - 
2025-10-16 16:26:47,530 - INFO - Breakdown by category:
2025-10-16 16:26:47,530 - INFO -   Domain & DNS Services: 69
2025-10-16 16:26:47,530 - INFO -   Cloud Infrastructure: 48
2025-10-16 16:26:47,530 - INFO -   Software & Development Tools: 9
2025-10-16 16:26:47,530 - INFO -   Professional Development: 3
2025-10-16 16:26:47,530 - INFO - 
2025-10-16 16:26:47,530 - INFO - Results written to: generated-files/expenses/flagged_expenses_2022_whitelist.csv
2025-10-16 16:26:47,530 - INFO - Log file: generated-files/expenses/flagged_expenses_2022_whitelist.log
2025-10-16 16:26:47,530 - INFO - 
2025-10-16 16:26:47,530 - INFO - Next steps:
2025-10-16 16:26:47,530 - INFO -   1. Review flagged expenses in CSV
2025-10-16 16:26:47,530 - INFO -   2. Verify categories and deductibility
2025-10-16 16:26:47,530 - INFO -   3. Add/remove transactions as needed
2025-10-16 16:26:47,530 - INFO -   4. Update expense_patterns.json with new keywords discovered
2025-10-16 16:26:47,530 - INFO - 
2025-10-16 16:26:47,530 - INFO - Note:
2025-10-16 16:26:47,530 - INFO -   - This script is ONE of multiple ways to flag expenses
2025-10-16 16:26:47,530 - INFO -   - Manual review, spreadsheet research, and other methods can also add flags
2025-10-16 16:26:47,530 - INFO -   - The 'FlaggedBy' field tracks multiple sources (comma-separated)
2025-10-16 16:26:47,530 - INFO - ================================================================================
